[info] - prevabs start (2025-04-25 07:45:07)
[info] - reading input files
[info]     - reading main input file: .\channel.xml
[info]       - readi

  








========================================


========================================

 the shape
[info]   - building the cross section, step 1
[info]     - building component: cmp_1
[info]   - building the cross section, step 2
[info]     - building component details: cmp_1
[info]   - fixing geometry
[info] - building the shape -- done
[info] - modeling in Gmsh
[info]   - creating gmsh vertices
[info]   - creating gmsh edges
[info]   - creating gmsh faces
[info]   - creating physical groups
[info]   - meshing
[info] - modeling in Gmsh -- done
[info] - writing outputs
[info]   - writing gmsh .opt file: .\channel.opt
[info]   - writing gmsh .geo file: .\channel.geo_unrolled
[info]   - writing gmsh .msh file: .\channel.msh
[info]   - writing sg file: .\channel.sg
[info]     - writing nodes
[info]     - writing elements
[info]       -   writing connectivity
[info]       -   writing local orientation
[info]   - writing material id-name file: .\channel.sg.mat
[info] - writing outputs -- done
[info] - running Gmsh for visualization
[info] - running: gmsh .\channel.geo_unrolled .\channel.msh .\channel.opt
[info] - command launched successfully.
[info] - prevabs finished (2025-04-25 07:45:09)
[info] total running time: 2.035 sec
