[info] - prevabs start (2026-02-16 16:52:52)
[info] - reading input files
[info]     - reading main input file: .\share\examples\ex_box\box_cus.xml  
  
    
  
  
  
  
  
  
  
  
  ========================================
  
  
  ========================================
  

[info]   - building the shape
[info]     - building the cross section, step 1
[info]       - building component: main
[info]     - building the cross section, step 2
[info]       - building component details: main
[info]     - fixing geometry
[info]   - building the shape -- done
[info]   - modeling in Gmsh
[info]     - creating gmsh vertices
[info]     - creating gmsh edges
[info]     - creating gmsh faces
[info]     - creating physical groups
[info]     - meshing
[info]   - modeling in Gmsh -- done
[info]   - writing outputs
[info]     - writing gmsh .opt file: .\share\examples\ex_box\box_cus.opt
[info]     - writing gmsh .geo file: .\share\examples\ex_box\box_cus.geo_unrolled
[info]     - writing gmsh .msh file: .\share\examples\ex_box\box_cus.msh
[info]     - writing sg file: .\share\examples\ex_box\box_cus.sg
[info]       - writing nodes
[info]       - writing elements
[info]         -   writing connectivity
[info]         -   writing local orientation
[info]     - writing material id-name file: .\share\examples\ex_box\box_cus.sg.mat
[info]   - writing outputs -- done
[info]   - running Gmsh for visualization
[info]   - prevabs finished (2026-02-16 16:52:57)
[info] total running time: 4.557 sec
