
========================================

  PreVABS 1.6.0

  (For VABS 4.0 and SwiftComp 2.1)

========================================

  
  - reading input files
      - reading main input file: .\share\examples\ex_airfoil\mh104.xml
            - reading airfoil data file: .\share\examples\ex_airfoil\mh104.dat
        [warning] unable to open file: C:\Users\tian50\work\dev\prevabs\build_msvc\Release\MaterialDB.xml
        - reading materials file: .\share\examples\ex_airfoil\materials.xml
  - reading input files -- done
  
  
  - building the shape
    - building the cross section, step 1
      - building component: surface
      - building component: web1
      - building component: web2
    
    - building the cross section, step 2
      - building component details: surface
      - building component details: web1
      - building component details: web2
  
    - fixing geometry
  - building the shape -- done
  
  
  - modeling in Gmsh
      - creating gmsh vertices
      - creating gmsh edges
      - creating gmsh faces
      - creating physical groups
    - meshing
  - modeling in Gmsh -- done
  
  
  - writing outputs
    - writing gmsh .opt file: .\share\examples\ex_airfoil\mh104.opt
    - writing gmsh .geo file: .\share\examples\ex_airfoil\mh104.geo_unrolled
    - writing gmsh .msh file: .\share\examples\ex_airfoil\mh104.msh
    - writing sg file: .\share\examples\ex_airfoil\mh104.sg
      - writing nodes
      - writing elements
        -   writing connectivity
        -   writing local orientation
    - writing material id-name file: .\share\examples\ex_airfoil\mh104.sg.mat
  - writing outputs -- done
  
  
  - running Gmsh for visualization

========================================


========================================

5:51)                      main.cpp:main:285
[info]     total running time: 6.90246 sec                               main.cpp:main:286
