
========================================

  PreVABS 1.6.0

  (For VABS 4.0 and SwiftComp 2.1)

========================================

  
  
  
    
  
  
  
  
  
  
  

========================================


========================================

airfoil_dspar\cs_main.xml
[info]         - reading airfoil data file: .\share\examples\ex_airfoil_dspar\sc1095.dat
[warning]         - unable to open file: C:\Users\tian50\work\dev\prevabs\build_msvc\Release\MaterialDB.xml
[info]         - reading materials file: .\share\examples\ex_airfoil_dspar\material_database_us_ft.xml
[info]   - reading input files -- done
[info]   - building the shape
[info]     - building the cross section, step 1
[info]       - building component: spar
[info]       - building component: te
[info]       - building component: fill_aft
[info]     - building the cross section, step 2
[info]       - building component details: spar
[info]       - building component details: te
[info]     - fixing geometry
[info]   - building the shape -- done
[info]   - modeling in Gmsh
[info]     - creating gmsh vertices
[info]     - creating gmsh edges
[info]     - creating gmsh faces
[info]     - creating physical groups
[info]     - meshing
[info]   - modeling in Gmsh -- done
[info]   - writing outputs
[info]     - writing gmsh .opt file: .\share\examples\ex_airfoil_dspar\cs_main.opt
[info]     - writing gmsh .geo file: .\share\examples\ex_airfoil_dspar\cs_main.geo_unrolled
[info]     - writing gmsh .msh file: .\share\examples\ex_airfoil_dspar\cs_main.msh
[info]     - writing sg file: .\share\examples\ex_airfoil_dspar\cs_main.sg
[info]       - writing nodes
[info]       - writing elements
[info]         -   writing connectivity
[info]         -   writing local orientation
[info]     - writing material id-name file: .\share\examples\ex_airfoil_dspar\cs_main.sg.mat
[info]   - writing outputs -- done
[info]   - running Gmsh for visualization
[info] - prevabs finished (2026-02-24 16:18:18)
[info] total running time: 2.61473 sec
