PreVABS 2.1.0
==> prevabs start (2026-06-28 21:13:11)
==> reading main input file: cs_main_temp_2.xml
[warning]   unable to open file: C:\Users\tian50\work\dev\prevabs\build_msvc\Release\MaterialDB.xml
[warning]   material 'AS4 12k/E7K8': <nu23> not specified, using default 0.3; provide nu23 explicitly for accuracy
[warning]   material 'S2/SP381': <nu23> not specified, using default 0.3; provide nu23 explicitly for accuracy
[warning]   material 'T300 15k/976': <nu23> not specified, using default 0.3; provide nu23 explicitly for accuracy
[warning]   material 'T650-35 12k/976': <nu23> not specified, using default 0.3; provide nu23 explicitly for accuracy
[warning]   material 'T700 24K/E765': <nu23> not specified, using default 0.3; provide nu23 explicitly for accuracy
[warning]   offset (multi-vertex): offset distance 0.0152834 is 7.87621x the shortest base segment length (0.00194045 at segment 35); offset construction may be numerically fragile — consider <normalize>1</normalize>, a larger <scale>, or a denser baseline
[warning]   offset (multi-vertex, closed): skin dropped over base indices [34..37] due to insufficient local thickness
[warning]   walkLoopWithLimit: unusually long loop walk (>= 128 steps) | start=he#11 v#5 -> v#7 | loop: loop#2 | current=he#188 v#94 -> v#93 | loop: loop#2 | face=nullptr
[warning]   layered offset[sgm_blk_1]: closed multi-layer offset needs closed-loop DCEL tiling; falling back to legacy area/layer build
[warning]   splitEdge: repeated splits on edge lineage #5 (3 splits in current phase), edge=he#303 v#149( 0 , 1.47498 , -0.0607598 ) -> v#6( 0 , 1.48578 , -0.0502117 ) | loop: loop#2 | face: f#2 [sgm_blk_1_face]
[warning]   splitEdge: repeated splits on edge lineage #5 (4 splits in current phase), edge=he#307 v#150( 0 , 1.47858 , -0.0572438 ) -> v#6( 0 , 1.48578 , -0.0502117 ) | loop: loop#2 | face: f#2 [sgm_blk_1_face]
[warning]   walkLoopWithLimit: unusually long loop walk (>= 128 steps) | start=he#297 v#5 -> v#148 | loop: loop#6 | current=he#119 v#60 -> v#61 | loop: loop#6 | face=f#2 [sgm_blk_1_face]
[warning]   splitEdge: repeated splits on edge lineage #149 (3 splits in current phase), edge=he#321 v#153( 0 , 1.49417 , -0.0612127 ) -> v#79( 0 , 1.49441 , -0.0504153 ) | loop: loop#5 | face: f#3 [sgm_blk_1_area_1]
[warning]   splitEdge: repeated splits on edge lineage #149 (4 splits in current phase), edge=he#325 v#154( 0 , 1.49425 , -0.0576136 ) -> v#79( 0 , 1.49441 , -0.0504153 ) | loop: loop#5 | face: f#3 [sgm_blk_1_area_1]
[warning]   walkLoopWithLimit: unusually long loop walk (>= 128 steps) | start=he#297 v#5 -> v#148 | loop: loop#8 | current=he#123 v#62 -> v#63 | loop: loop#8 | face=f#4
[warning]   splitEdge: repeated splits on edge lineage #150 (3 splits in current phase), edge=he#339 v#157( 0 , 1.52934 , -0.0619356 ) -> v#80( 0 , 1.52954 , -0.0511375 ) | loop: loop#7 | face: f#5 [sgm_blk_1_area_2]
[warning]   splitEdge: repeated splits on edge lineage #150 (4 splits in current phase), edge=he#343 v#158( 0 , 1.5294 , -0.0583362 ) -> v#80( 0 , 1.52954 , -0.0511375 ) | loop: loop#7 | face: f#5 [sgm_blk_1_area_2]
[warning]   walkLoopWithLimit: unusually long loop walk (>= 128 steps) | start=he#297 v#5 -> v#148 | loop: loop#10 | current=he#127 v#64 -> v#65 | loop: loop#10 | face=f#6
[warning]   splitEdge: repeated splits on edge lineage #151 (3 splits in current phase), edge=he#357 v#161( 0 , 1.5645 , -0.0625443 ) -> v#81( 0 , 1.56467 , -0.0517456 ) | loop: loop#9 | face: f#7 [sgm_blk_1_area_3]
[warning]   splitEdge: repeated splits on edge lineage #151 (4 splits in current phase), edge=he#361 v#162( 0 , 1.56456 , -0.0589447 ) -> v#81( 0 , 1.56467 , -0.0517456 ) | loop: loop#9 | face: f#7 [sgm_blk_1_area_3]
[warning]   walkLoopWithLimit: unusually long loop walk (>= 128 steps) | start=he#297 v#5 -> v#148 | loop: loop#12 | current=he#131 v#66 -> v#67 | loop: loop#12 | face=f#8
[warning]   splitEdge: repeated splits on edge lineage #152 (3 splits in current phase), edge=he#375 v#165( 0 , 1.59967 , -0.0630336 ) -> v#82( 0 , 1.5998 , -0.0522344 ) | loop: loop#11 | face: f#9 [sgm_blk_1_area_4]
[warning]   splitEdge: repeated splits on edge lineage #152 (4 splits in current phase), edge=he#379 v#166( 0 , 1.59971 , -0.0594339 ) -> v#82( 0 , 1.5998 , -0.0522344 ) | loop: loop#11 | face: f#9 [sgm_blk_1_area_4]
[warning]   walkLoopWithLimit: unusually long loop walk (>= 128 steps) | start=he#297 v#5 -> v#148 | loop: loop#14 | current=he#135 v#68 -> v#69 | loop: loop#14 | face=f#10
[warning]   splitEdge: repeated splits on edge lineage #153 (3 splits in current phase), edge=he#393 v#169( 0 , 1.63483 , -0.063395 ) -> v#83( 0 , 1.63492 , -0.0525954 ) | loop: loop#13 | face: f#11 [sgm_blk_1_area_5]
[warning]   splitEdge: repeated splits on edge lineage #153 (4 splits in current phase), edge=he#397 v#170( 0 , 1.63486 , -0.0597951 ) -> v#83( 0 , 1.63492 , -0.0525954 ) | loop: loop#13 | face: f#11 [sgm_blk_1_area_5]
[warning]   walkLoopWithLimit: unusually long loop walk (>= 128 steps) | start=he#297 v#5 -> v#148 | loop: loop#16 | current=he#139 v#70 -> v#71 | loop: loop#16 | face=f#12
[warning]   splitEdge: repeated splits on edge lineage #154 (3 splits in current phase), edge=he#411 v#173( 0 , 1.67 , -0.0636233 ) -> v#84( 0 , 1.67005 , -0.0528234 ) | loop: loop#15 | face: f#13 [sgm_blk_1_area_6]
[warning]   splitEdge: repeated splits on edge lineage #154 (4 splits in current phase), edge=he#415 v#174( 0 , 1.67001 , -0.0600233 ) -> v#84( 0 , 1.67005 , -0.0528234 ) | loop: loop#15 | face: f#13 [sgm_blk_1_area_6]
[warning]   walkLoopWithLimit: unusually long loop walk (>= 128 steps) | start=he#297 v#5 -> v#148 | loop: loop#18 | current=he#143 v#72 -> v#73 | loop: loop#18 | face=f#14
[warning]   splitEdge: repeated splits on edge lineage #155 (3 splits in current phase), edge=he#429 v#177( 0 , 1.69636 , -0.0637028 ) -> v#85( 0 , 1.69638 , -0.0529028 ) | loop: loop#17 | face: f#15 [sgm_blk_1_area_7]
[warning]   splitEdge: repeated splits on edge lineage #155 (4 splits in current phase), edge=he#433 v#178( 0 , 1.69637 , -0.0601028 ) -> v#85( 0 , 1.69638 , -0.0529028 ) | loop: loop#17 | face: f#15 [sgm_blk_1_area_7]
[warning]   walkLoopWithLimit: unusually long loop walk (>= 128 steps) | start=he#297 v#5 -> v#148 | loop: loop#20 | current=he#147 v#74 -> v#75 | loop: loop#20 | face=f#16
[warning]   splitEdge: repeated splits on edge lineage #156 (3 splits in current phase), edge=he#447 v#181( 0 , 1.72274 , -0.0636959 ) -> v#86( 0 , 1.72271 , -0.0528959 ) | loop: loop#19 | face: f#17 [sgm_blk_1_area_8]
[warning]   splitEdge: repeated splits on edge lineage #156 (4 splits in current phase), edge=he#451 v#182( 0 , 1.72273 , -0.0600959 ) -> v#86( 0 , 1.72271 , -0.0528959 ) | loop: loop#19 | face: f#17 [sgm_blk_1_area_8]
[warning]   walkLoopWithLimit: unusually long loop walk (>= 128 steps) | start=he#297 v#5 -> v#148 | loop: loop#22 | current=he#151 v#76 -> v#77 | loop: loop#22 | face=f#18
[warning]   splitEdge: repeated splits on edge lineage #157 (3 splits in current phase), edge=he#465 v#185( 0 , 1.7491 , -0.0635887 ) -> v#87( 0 , 1.74904 , -0.0527889 ) | loop: loop#21 | face: f#19 [sgm_blk_1_area_9]
[warning]   splitEdge: repeated splits on edge lineage #157 (4 splits in current phase), edge=he#469 v#186( 0 , 1.74908 , -0.0599888 ) -> v#87( 0 , 1.74904 , -0.0527889 ) | loop: loop#21 | face: f#19 [sgm_blk_1_area_9]
[warning]   walkLoopWithLimit: unusually long loop walk (>= 128 steps) | start=he#297 v#5 -> v#148 | loop: loop#24 | current=he#155 v#78 -> v#5 | loop: loop#24 | face=f#20
[warning]   splitEdge: repeated splits on edge lineage #158 (3 splits in current phase), edge=he#483 v#189( 0 , 1.77547 , -0.0633761 ) -> v#88( 0 , 1.77535 , -0.0525766 ) | loop: loop#23 | face: f#21 [sgm_blk_1_area_10]
[warning]   splitEdge: repeated splits on edge lineage #158 (4 splits in current phase), edge=he#487 v#190( 0 , 1.77543 , -0.0597763 ) -> v#88( 0 , 1.77535 , -0.0525766 ) | loop: loop#23 | face: f#21 [sgm_blk_1_area_10]
[warning]   splitEdge: repeated splits on edge lineage #159 (3 splits in current phase), edge=he#501 v#193( 0 , 1.80183 , -0.0630425 ) -> v#89( 0 , 1.80167 , -0.0522437 ) | loop: loop#25 | face: f#23 [sgm_blk_1_area_11]
[warning]   splitEdge: repeated splits on edge lineage #159 (4 splits in current phase), edge=he#505 v#194( 0 , 1.80178 , -0.0594429 ) -> v#89( 0 , 1.80167 , -0.0522437 ) | loop: loop#25 | face: f#23 [sgm_blk_1_area_11]
[warning]   splitEdge: repeated splits on edge lineage #160 (3 splits in current phase), edge=he#519 v#197( 0 , 1.82819 , -0.0625758 ) -> v#90( 0 , 1.82797 , -0.051778 ) | loop: loop#27 | face: f#25 [sgm_blk_1_area_12]
[warning]   splitEdge: repeated splits on edge lineage #160 (4 splits in current phase), edge=he#523 v#198( 0 , 1.82812 , -0.0589765 ) -> v#90( 0 , 1.82797 , -0.051778 ) | loop: loop#27 | face: f#25 [sgm_blk_1_area_12]
[warning]   splitEdge: repeated splits on edge lineage #161 (3 splits in current phase), edge=he#537 v#201( 0 , 1.85455 , -0.0619605 ) -> v#91( 0 , 1.85426 , -0.0511643 ) | loop: loop#29 | face: f#27 [sgm_blk_1_area_13]
[warning]   splitEdge: repeated splits on edge lineage #161 (4 splits in current phase), edge=he#541 v#202( 0 , 1.85446 , -0.0583618 ) -> v#91( 0 , 1.85426 , -0.0511643 ) | loop: loop#29 | face: f#27 [sgm_blk_1_area_13]
[warning]   splitEdge: repeated splits on edge lineage #162 (3 splits in current phase), edge=he#555 v#205( 0 , 1.8809 , -0.0611692 ) -> v#92( 0 , 1.88054 , -0.0503753 ) | loop: loop#31 | face: f#29 [sgm_blk_1_area_14]
[warning]   splitEdge: repeated splits on edge lineage #162 (4 splits in current phase), edge=he#559 v#206( 0 , 1.88078 , -0.0575712 ) -> v#92( 0 , 1.88054 , -0.0503753 ) | loop: loop#31 | face: f#29 [sgm_blk_1_area_14]
[warning]   splitEdge: repeated splits on edge lineage #163 (3 splits in current phase), edge=he#573 v#209( 0 , 1.90725 , -0.0601741 ) -> v#93( 0 , 1.9068 , -0.0493836 ) | loop: loop#33 | face: f#31 [sgm_blk_1_area_15]
[warning]   splitEdge: repeated splits on edge lineage #163 (4 splits in current phase), edge=he#577 v#210( 0 , 1.9071 , -0.0565773 ) -> v#93( 0 , 1.9068 , -0.0493836 ) | loop: loop#33 | face: f#31 [sgm_blk_1_area_15]
[warning]   splitEdge: repeated splits on edge lineage #164 (3 splits in current phase), edge=he#591 v#213( 0 , 1.9336 , -0.0589443 ) -> v#94( 0 , 1.93304 , -0.0481586 ) | loop: loop#35 | face: f#33 [sgm_blk_1_area_16]
[warning]   splitEdge: repeated splits on edge lineage #164 (4 splits in current phase), edge=he#595 v#214( 0 , 1.93341 , -0.0553491 ) -> v#94( 0 , 1.93304 , -0.0481586 ) | loop: loop#35 | face: f#33 [sgm_blk_1_area_16]
[warning]   splitEdge: repeated splits on edge lineage #165 (3 splits in current phase), edge=he#609 v#217( 0 , 1.95993 , -0.0574506 ) -> v#95( 0 , 1.95926 , -0.0466713 ) | loop: loop#37 | face: f#35 [sgm_blk_1_area_17]
[warning]   splitEdge: repeated splits on edge lineage #165 (4 splits in current phase), edge=he#613 v#218( 0 , 1.95971 , -0.0538575 ) -> v#95( 0 , 1.95926 , -0.0466713 ) | loop: loop#37 | face: f#35 [sgm_blk_1_area_17]
[warning]   splitEdge: repeated splits on edge lineage #166 (3 splits in current phase), edge=he#627 v#221( 0 , 1.98627 , -0.0556632 ) -> v#96( 0 , 1.98548 , -0.0448918 ) | loop: loop#39 | face: f#37 [sgm_blk_1_area_18]
[warning]   splitEdge: repeated splits on edge lineage #166 (4 splits in current phase), edge=he#631 v#222( 0 , 1.98601 , -0.0520728 ) -> v#96( 0 , 1.98548 , -0.0448918 ) | loop: loop#39 | face: f#37 [sgm_blk_1_area_18]
[warning]   splitEdge: repeated splits on edge lineage #167 (3 splits in current phase), edge=he#645 v#225( 0 , 2.00381 , -0.0542918 ) -> v#97( 0 , 2.0029 , -0.0435299 ) | loop: loop#41 | face: f#39 [sgm_blk_1_area_19]
[warning]   splitEdge: repeated splits on edge lineage #167 (4 splits in current phase), edge=he#649 v#226( 0 , 2.00351 , -0.0507045 ) -> v#97( 0 , 2.0029 , -0.0435299 ) | loop: loop#41 | face: f#39 [sgm_blk_1_area_19]
[warning]   splitEdge: repeated splits on edge lineage #168 (3 splits in current phase), edge=he#663 v#229( 0 , 2.02133 , -0.0527035 ) -> v#98( 0 , 2.02024 , -0.0419576 ) | loop: loop#43 | face: f#41 [sgm_blk_1_area_20]
[warning]   splitEdge: repeated splits on edge lineage #168 (4 splits in current phase), edge=he#667 v#230( 0 , 2.02097 , -0.0491215 ) -> v#98( 0 , 2.02024 , -0.0419576 ) | loop: loop#43 | face: f#41 [sgm_blk_1_area_20]
[warning]   splitEdge: repeated splits on edge lineage #169 (3 splits in current phase), edge=he#681 v#233( 0 , 2.03881 , -0.0507573 ) -> v#99( 0 , 2.03746 , -0.0400409 ) | loop: loop#45 | face: f#43 [sgm_blk_1_area_21]
[warning]   splitEdge: repeated splits on edge lineage #169 (4 splits in current phase), edge=he#685 v#234( 0 , 2.03836 , -0.0471852 ) -> v#99( 0 , 2.03746 , -0.0400409 ) | loop: loop#45 | face: f#43 [sgm_blk_1_area_21]
[warning]   splitEdge: repeated splits on edge lineage #170 (3 splits in current phase), edge=he#699 v#237( 0 , 2.05624 , -0.0483036 ) -> v#100( 0 , 2.05452 , -0.0376399 ) | loop: loop#47 | face: f#45 [sgm_blk_1_area_22]
[warning]   splitEdge: repeated splits on edge lineage #170 (4 splits in current phase), edge=he#703 v#238( 0 , 2.05567 , -0.0447491 ) -> v#100( 0 , 2.05452 , -0.0376399 ) | loop: loop#47 | face: f#45 [sgm_blk_1_area_22]
[warning]   splitEdge: repeated splits on edge lineage #171 (3 splits in current phase), edge=he#717 v#241( 0 , 2.07363 , -0.0451232 ) -> v#101( 0 , 2.07141 , -0.0345496 ) | loop: loop#49 | face: f#47 [sgm_blk_1_area_23]
[warning]   splitEdge: repeated splits on edge lineage #171 (4 splits in current phase), edge=he#721 v#242( 0 , 2.07289 , -0.0415986 ) -> v#101( 0 , 2.07141 , -0.0345496 ) | loop: loop#49 | face: f#47 [sgm_blk_1_area_23]
[warning]   splitEdge: repeated splits on edge lineage #172 (3 splits in current phase), edge=he#735 v#245( 0 , 2.08748 , -0.0418423 ) -> v#102( 0 , 2.08475 , -0.0313917 ) | loop: loop#51 | face: f#49 [sgm_blk_1_area_24]
[warning]   splitEdge: repeated splits on edge lineage #172 (4 splits in current phase), edge=he#739 v#246( 0 , 2.08657 , -0.0383588 ) -> v#102( 0 , 2.08475 , -0.0313917 ) | loop: loop#51 | face: f#49 [sgm_blk_1_area_24]
[warning]   splitEdge: repeated splits on edge lineage #173 (3 splits in current phase), edge=he#753 v#249( 0 , 2.09785 , -0.0388625 ) -> v#103( 0 , 2.09467 , -0.0285394 ) | loop: loop#53 | face: f#51 [sgm_blk_1_area_25]
[warning]   splitEdge: repeated splits on edge lineage #173 (4 splits in current phase), edge=he#757 v#250( 0 , 2.09679 , -0.0354215 ) -> v#103( 0 , 2.09467 , -0.0285394 ) | loop: loop#53 | face: f#51 [sgm_blk_1_area_25]
[warning]   splitEdge: repeated splits on edge lineage #174 (3 splits in current phase), edge=he#771 v#253( 0 , 2.10825 , -0.0354424 ) -> v#104( 0 , 2.10467 , -0.0252487 ) | loop: loop#55 | face: f#53 [sgm_blk_1_area_26]
[warning]   splitEdge: repeated splits on edge lineage #174 (4 splits in current phase), edge=he#775 v#254( 0 , 2.10706 , -0.0320445 ) -> v#104( 0 , 2.10467 , -0.0252487 ) | loop: loop#55 | face: f#53 [sgm_blk_1_area_26]
[warning]   splitEdge: repeated splits on edge lineage #175 (3 splits in current phase), edge=he#789 v#257( 0 , 2.1186 , -0.0315888 ) -> v#105( 0 , 2.11454 , -0.0215764 ) | loop: loop#57 | face: f#55 [sgm_blk_1_area_27]
[warning]   splitEdge: repeated splits on edge lineage #175 (4 splits in current phase), edge=he#793 v#258( 0 , 2.11724 , -0.0282513 ) -> v#105( 0 , 2.11454 , -0.0215764 ) | loop: loop#57 | face: f#55 [sgm_blk_1_area_27]
[warning]   splitEdge: repeated splits on edge lineage #176 (3 splits in current phase), edge=he#807 v#261( 0 , 2.12883 , -0.0270922 ) -> v#106( 0 , 2.12398 , -0.017425 ) | loop: loop#59 | face: f#57 [sgm_blk_1_area_28]
[warning]   splitEdge: repeated splits on edge lineage #176 (4 splits in current phase), edge=he#811 v#262( 0 , 2.12721 , -0.0238698 ) -> v#106( 0 , 2.12398 , -0.017425 ) | loop: loop#59 | face: f#57 [sgm_blk_1_area_28]
[warning]   splitEdge: repeated splits on edge lineage #177 (3 splits in current phase), edge=he#825 v#265( 0 , 2.13898 , -0.0213416 ) -> v#107( 0 , 2.13318 , -0.0122158 ) | loop: loop#61 | face: f#59 [sgm_blk_1_area_29]
[warning]   splitEdge: repeated splits on edge lineage #177 (4 splits in current phase), edge=he#829 v#266( 0 , 2.13705 , -0.0182997 ) -> v#107( 0 , 2.13318 , -0.0122158 ) | loop: loop#61 | face: f#59 [sgm_blk_1_area_29]
[warning]   splitEdge: repeated splits on edge lineage #178 (3 splits in current phase), edge=he#843 v#269( 0 , 2.14391 , -0.0178407 ) -> v#108( 0 , 2.13728 , -0.00930835 ) | loop: loop#63 | face: f#61 [sgm_blk_1_area_30]
[warning]   splitEdge: repeated splits on edge lineage #178 (4 splits in current phase), edge=he#847 v#270( 0 , 2.1417 , -0.0149966 ) -> v#108( 0 , 2.13728 , -0.00930835 ) | loop: loop#63 | face: f#61 [sgm_blk_1_area_30]
[warning]   splitEdge: repeated splits on edge lineage #179 (3 splits in current phase), edge=he#861 v#273( 0 , 2.14799 , -0.01437 ) -> v#109( 0 , 2.14059 , -0.00648697 ) | loop: loop#65 | face: f#63 [sgm_blk_1_area_31]
[warning]   splitEdge: repeated splits on edge lineage #179 (4 splits in current phase), edge=he#865 v#274( 0 , 2.14553 , -0.0117424 ) -> v#109( 0 , 2.14059 , -0.00648697 ) | loop: loop#65 | face: f#63 [sgm_blk_1_area_31]
[warning]   splitEdge: repeated splits on edge lineage #180 (3 splits in current phase), edge=he#879 v#277( 0 , 2.15212 , -0.0100999 ) -> v#110( 0 , 2.14405 , -0.00290319 ) | loop: loop#67 | face: f#65 [sgm_blk_1_area_32]
[warning]   splitEdge: repeated splits on edge lineage #180 (4 splits in current phase), edge=he#883 v#278( 0 , 2.14943 , -0.00770099 ) -> v#110( 0 , 2.14405 , -0.00290319 ) | loop: loop#67 | face: f#65 [sgm_blk_1_area_32]
[warning]   splitEdge: repeated splits on edge lineage #181 (3 splits in current phase), edge=he#897 v#281( 0 , 2.15536 , -0.00616575 ) -> v#111( 0 , 2.14664 , 0.00023108 ) | loop: loop#69 | face: f#67 [sgm_blk_1_area_33]
[warning]   splitEdge: repeated splits on edge lineage #181 (4 splits in current phase), edge=he#901 v#282( 0 , 2.15245 , -0.00403348 ) -> v#111( 0 , 2.14664 , 0.00023108 ) | loop: loop#69 | face: f#67 [sgm_blk_1_area_33]
[warning]   splitEdge: repeated splits on edge lineage #182 (3 splits in current phase), edge=he#915 v#285( 0 , 2.15545 , -0.00602402 ) -> v#112( 0 , 2.14695 , 0.00071425 ) | loop: loop#71 | face: f#69 [sgm_blk_1_area_34]
[warning]   splitEdge: repeated splits on edge lineage #182 (4 splits in current phase), edge=he#919 v#286( 0 , 2.15262 , -0.00377793 ) -> v#112( 0 , 2.14695 , 0.00071425 ) | loop: loop#71 | face: f#69 [sgm_blk_1_area_34]
[warning]   splitEdge: repeated splits on edge lineage #183 (3 splits in current phase), edge=he#933 v#289( 0 , 2.15694 , -0.00372571 ) -> v#112( 0 , 2.14695 , 0.00071425 ) | loop: loop#73 | face: f#71 [sgm_blk_1_area_35]
[warning]   splitEdge: repeated splits on edge lineage #183 (4 splits in current phase), edge=he#937 v#290( 0 , 2.15361 , -0.00224572 ) -> v#112( 0 , 2.14695 , 0.00071425 ) | loop: loop#73 | face: f#71 [sgm_blk_1_area_35]
[warning]   splitEdge: repeated splits on edge lineage #184 (3 splits in current phase), edge=he#951 v#293( 0 , 2.15781 , -0.00115601 ) -> v#112( 0 , 2.14695 , 0.00071425 ) | loop: loop#75 | face: f#73 [sgm_blk_1_area_36]
[warning]   splitEdge: repeated splits on edge lineage #184 (4 splits in current phase), edge=he#955 v#294( 0 , 2.15419 , -0.00053259 ) -> v#112( 0 , 2.14695 , 0.00071425 ) | loop: loop#75 | face: f#73 [sgm_blk_1_area_36]
[warning]   splitEdge: repeated splits on edge lineage #185 (3 splits in current phase), edge=he#969 v#297( 0 , 2.15794 , 0.000209526 ) -> v#112( 0 , 2.14695 , 0.00071425 ) | loop: loop#77 | face: f#75 [sgm_blk_1_area_37]
[warning]   splitEdge: repeated splits on edge lineage #185 (4 splits in current phase), edge=he#973 v#298( 0 , 2.15428 , 0.000377767 ) -> v#112( 0 , 2.14695 , 0.00071425 ) | loop: loop#77 | face: f#75 [sgm_blk_1_area_37]
[warning]   splitEdge: repeated splits on edge lineage #186 (3 splits in current phase), edge=he#987 v#301( 0 , 2.15781 , 0.00200172 ) -> v#112( 0 , 2.14695 , 0.00071425 ) | loop: loop#79 | face: f#77 [sgm_blk_1_area_38]
[warning]   splitEdge: repeated splits on edge lineage #186 (4 splits in current phase), edge=he#991 v#302( 0 , 2.15419 , 0.00157256 ) -> v#112( 0 , 2.14695 , 0.00071425 ) | loop: loop#79 | face: f#77 [sgm_blk_1_area_38]
[warning]   splitEdge: repeated splits on edge lineage #187 (3 splits in current phase), edge=he#1005 v#305( 0 , 2.15691 , 0.00516302 ) -> v#113( 0 , 2.14684 , 0.00110152 ) | loop: loop#81 | face: f#79 [sgm_blk_1_area_39]
[warning]   splitEdge: repeated splits on edge lineage #187 (4 splits in current phase), edge=he#1009 v#306( 0 , 2.15355 , 0.00380919 ) -> v#113( 0 , 2.14684 , 0.00110152 ) | loop: loop#81 | face: f#79 [sgm_blk_1_area_39]
[warning]   splitEdge: repeated splits on edge lineage #188 (3 splits in current phase), edge=he#1023 v#309( 0 , 2.15516 , 0.00846586 ) -> v#114( 0 , 2.14594 , 0.00279225 ) | loop: loop#83 | face: f#81 [sgm_blk_1_area_40]
[warning]   splitEdge: repeated splits on edge lineage #188 (4 splits in current phase), edge=he#1027 v#310( 0 , 2.15208 , 0.00657466 ) -> v#114( 0 , 2.14594 , 0.00279225 ) | loop: loop#83 | face: f#81 [sgm_blk_1_area_40]
[warning]   splitEdge: repeated splits on edge lineage #189 (3 splits in current phase), edge=he#1041 v#313( 0 , 2.15191 , 0.0130558 ) -> v#115( 0 , 2.14336 , 0.0064452 ) | loop: loop#85 | face: f#83 [sgm_blk_1_area_41]
[warning]   splitEdge: repeated splits on edge lineage #189 (4 splits in current phase), edge=he#1045 v#314( 0 , 2.14906 , 0.0108523 ) -> v#115( 0 , 2.14336 , 0.0064452 ) | loop: loop#85 | face: f#83 [sgm_blk_1_area_41]
[warning]   splitEdge: repeated splits on edge lineage #190 (3 splits in current phase), edge=he#1059 v#317( 0 , 2.14775 , 0.0179879 ) -> v#116( 0 , 2.13976 , 0.010706 ) | loop: loop#87 | face: f#85 [sgm_blk_1_area_42]
[warning]   splitEdge: repeated splits on edge lineage #190 (4 splits in current phase), edge=he#1063 v#318( 0 , 2.14509 , 0.0155606 ) -> v#116( 0 , 2.13976 , 0.010706 ) | loop: loop#87 | face: f#85 [sgm_blk_1_area_42]
[warning]   splitEdge: repeated splits on edge lineage #191 (3 splits in current phase), edge=he#1077 v#321( 0 , 2.14357 , 0.022237 ) -> v#117( 0 , 2.1361 , 0.0144304 ) | loop: loop#89 | face: f#87 [sgm_blk_1_area_43]
[warning]   splitEdge: repeated splits on edge lineage #191 (4 splits in current phase), edge=he#1081 v#322( 0 , 2.14108 , 0.0196348 ) -> v#117( 0 , 2.1361 , 0.0144304 ) | loop: loop#89 | face: f#87 [sgm_blk_1_area_43]
[warning]   splitEdge: repeated splits on edge lineage #192 (3 splits in current phase), edge=he#1095 v#325( 0 , 2.13851 , 0.0267912 ) -> v#118( 0 , 2.13158 , 0.0184992 ) | loop: loop#91 | face: f#89 [sgm_blk_1_area_44]
[warning]   splitEdge: repeated splits on edge lineage #192 (4 splits in current phase), edge=he#1099 v#326( 0 , 2.1362 , 0.0240272 ) -> v#118( 0 , 2.13158 , 0.0184992 ) | loop: loop#91 | face: f#89 [sgm_blk_1_area_44]
[warning]   splitEdge: repeated splits on edge lineage #193 (3 splits in current phase), edge=he#1113 v#329( 0 , 2.12826 , 0.0347363 ) -> v#119( 0 , 2.12204 , 0.0258922 ) | loop: loop#93 | face: f#91 [sgm_blk_1_area_45]
[warning]   splitEdge: repeated splits on edge lineage #193 (4 splits in current phase), edge=he#1117 v#330( 0 , 2.12618 , 0.0317882 ) -> v#119( 0 , 2.12204 , 0.0258922 ) | loop: loop#93 | face: f#91 [sgm_blk_1_area_45]
[warning]   splitEdge: repeated splits on edge lineage #194 (3 splits in current phase), edge=he#1131 v#333( 0 , 2.11802 , 0.0412489 ) -> v#120( 0 , 2.11257 , 0.0319151 ) | loop: loop#95 | face: f#93 [sgm_blk_1_area_46]
[warning]   splitEdge: repeated splits on edge lineage #194 (4 splits in current phase), edge=he#1135 v#334( 0 , 2.1162 , 0.0381376 ) -> v#120( 0 , 2.11257 , 0.0319151 ) | loop: loop#95 | face: f#93 [sgm_blk_1_area_46]
[warning]   splitEdge: repeated splits on edge lineage #195 (3 splits in current phase), edge=he#1149 v#337( 0 , 2.10775 , 0.0467283 ) -> v#121( 0 , 2.10299 , 0.0370289 ) | loop: loop#97 | face: f#95 [sgm_blk_1_area_47]
[warning]   splitEdge: repeated splits on edge lineage #195 (4 splits in current phase), edge=he#1153 v#338( 0 , 2.10616 , 0.0434952 ) -> v#121( 0 , 2.10299 , 0.0370289 ) | loop: loop#97 | face: f#95 [sgm_blk_1_area_47]
[warning]   splitEdge: repeated splits on edge lineage #196 (3 splits in current phase), edge=he#1167 v#341( 0 , 2.09745 , 0.0513652 ) -> v#122( 0 , 2.09329 , 0.041392 ) | loop: loop#99 | face: f#97 [sgm_blk_1_area_48]
[warning]   splitEdge: repeated splits on edge lineage #196 (4 splits in current phase), edge=he#1171 v#342( 0 , 2.09606 , 0.0480408 ) -> v#122( 0 , 2.09329 , 0.041392 ) | loop: loop#99 | face: f#97 [sgm_blk_1_area_48]
[warning]   splitEdge: repeated splits on edge lineage #197 (3 splits in current phase), edge=he#1185 v#345( 0 , 2.08712 , 0.055331 ) -> v#123( 0 , 2.08352 , 0.045147 ) | loop: loop#101 | face: f#99 [sgm_blk_1_area_49]
[warning]   splitEdge: repeated splits on edge lineage #197 (4 splits in current phase), edge=he#1189 v#346( 0 , 2.08592 , 0.0519364 ) -> v#123( 0 , 2.08352 , 0.045147 ) | loop: loop#101 | face: f#99 [sgm_blk_1_area_49]
[warning]   splitEdge: repeated splits on edge lineage #198 (3 splits in current phase), edge=he#1203 v#349( 0 , 2.07328 , 0.0598287 ) -> v#124( 0 , 2.07021 , 0.0494689 ) | loop: loop#103 | face: f#101 [sgm_blk_1_area_50]
[warning]   splitEdge: repeated splits on edge lineage #198 (4 splits in current phase), edge=he#1207 v#350( 0 , 2.07225 , 0.0563755 ) -> v#124( 0 , 2.07021 , 0.0494689 ) | loop: loop#103 | face: f#101 [sgm_blk_1_area_50]
[warning]   splitEdge: repeated splits on edge lineage #199 (3 splits in current phase), edge=he#1221 v#353( 0 , 2.05589 , 0.0644775 ) -> v#125( 0 , 2.05332 , 0.0539851 ) | loop: loop#105 | face: f#103 [sgm_blk_1_area_51]
[warning]   splitEdge: repeated splits on edge lineage #199 (4 splits in current phase), edge=he#1225 v#354( 0 , 2.05503 , 0.0609801 ) -> v#125( 0 , 2.05332 , 0.0539851 ) | loop: loop#105 | face: f#103 [sgm_blk_1_area_51]
[warning]   splitEdge: repeated splits on edge lineage #200 (3 splits in current phase), edge=he#1239 v#357( 0 , 2.03846 , 0.0683564 ) -> v#126( 0 , 2.03629 , 0.0577771 ) | loop: loop#107 | face: f#105 [sgm_blk_1_area_52]
[warning]   splitEdge: repeated splits on edge lineage #200 (4 splits in current phase), edge=he#1243 v#358( 0 , 2.03774 , 0.06483 ) -> v#126( 0 , 2.03629 , 0.0577771 ) | loop: loop#107 | face: f#105 [sgm_blk_1_area_52]
[warning]   splitEdge: repeated splits on edge lineage #201 (3 splits in current phase), edge=he#1257 v#361( 0 , 2.021 , 0.071664 ) -> v#127( 0 , 2.01913 , 0.061026 ) | loop: loop#109 | face: f#107 [sgm_blk_1_area_53]
[warning]   splitEdge: repeated splits on edge lineage #201 (4 splits in current phase), edge=he#1261 v#362( 0 , 2.02038 , 0.068118 ) -> v#127( 0 , 2.01913 , 0.061026 ) | loop: loop#109 | face: f#107 [sgm_blk_1_area_53]
[warning]   splitEdge: repeated splits on edge lineage #202 (3 splits in current phase), edge=he#1275 v#365( 0 , 2.00352 , 0.0744961 ) -> v#128( 0 , 2.00191 , 0.0638166 ) | loop: loop#111 | face: f#109 [sgm_blk_1_area_54]
[warning]   splitEdge: repeated splits on edge lineage #202 (4 splits in current phase), edge=he#1279 v#366( 0 , 2.00298 , 0.0709363 ) -> v#128( 0 , 2.00191 , 0.0638166 ) | loop: loop#111 | face: f#109 [sgm_blk_1_area_54]
[warning]   splitEdge: repeated splits on edge lineage #203 (3 splits in current phase), edge=he#1293 v#369( 0 , 1.98602 , 0.0769481 ) -> v#129( 0 , 1.98464 , 0.0662365 ) | loop: loop#113 | face: f#111 [sgm_blk_1_area_55]
[warning]   splitEdge: repeated splits on edge lineage #203 (4 splits in current phase), edge=he#1297 v#370( 0 , 1.98556 , 0.0733775 ) -> v#129( 0 , 1.98464 , 0.0662365 ) | loop: loop#113 | face: f#111 [sgm_blk_1_area_55]
[warning]   splitEdge: repeated splits on edge lineage #204 (3 splits in current phase), edge=he#1311 v#373( 0 , 1.95973 , 0.0800561 ) -> v#130( 0 , 1.95858 , 0.0693175 ) | loop: loop#115 | face: f#113 [sgm_blk_1_area_56]
[warning]   splitEdge: repeated splits on edge lineage #204 (4 splits in current phase), edge=he#1315 v#374( 0 , 1.95935 , 0.0764766 ) -> v#130( 0 , 1.95858 , 0.0693175 ) | loop: loop#115 | face: f#113 [sgm_blk_1_area_56]
[warning]   splitEdge: repeated splits on edge lineage #205 (3 splits in current phase), edge=he#1329 v#377( 0 , 1.93343 , 0.0826104 ) -> v#131( 0 , 1.93247 , 0.071853 ) | loop: loop#117 | face: f#115 [sgm_blk_1_area_57]
[warning]   splitEdge: repeated splits on edge lineage #205 (4 splits in current phase), edge=he#1333 v#378( 0 , 1.93311 , 0.0790246 ) -> v#131( 0 , 1.93247 , 0.071853 ) | loop: loop#117 | face: f#115 [sgm_blk_1_area_57]
[warning]   splitEdge: repeated splits on edge lineage #206 (3 splits in current phase), edge=he#1347 v#381( 0 , 1.9071 , 0.0847645 ) -> v#132( 0 , 1.90628 , 0.0739953 ) | loop: loop#119 | face: f#117 [sgm_blk_1_area_58]
[warning]   splitEdge: repeated splits on edge lineage #206 (4 splits in current phase), edge=he#1351 v#382( 0 , 1.90683 , 0.0811748 ) -> v#132( 0 , 1.90628 , 0.0739953 ) | loop: loop#119 | face: f#117 [sgm_blk_1_area_58]
[warning]   splitEdge: repeated splits on edge lineage #207 (3 splits in current phase), edge=he#1365 v#385( 0 , 1.88077 , 0.0866068 ) -> v#133( 0 , 1.88008 , 0.0758288 ) | loop: loop#121 | face: f#119 [sgm_blk_1_area_59]
[warning]   splitEdge: repeated splits on edge lineage #207 (4 splits in current phase), edge=he#1369 v#386( 0 , 1.88054 , 0.0830141 ) -> v#133( 0 , 1.88008 , 0.0758288 ) | loop: loop#121 | face: f#119 [sgm_blk_1_area_59]
[warning]   splitEdge: repeated splits on edge lineage #208 (3 splits in current phase), edge=he#1383 v#389( 0 , 1.85443 , 0.088147 ) -> v#134( 0 , 1.85386 , 0.0773618 ) | loop: loop#123 | face: f#121 [sgm_blk_1_area_60]
[warning]   splitEdge: repeated splits on edge lineage #208 (4 splits in current phase), edge=he#1387 v#390( 0 , 1.85424 , 0.0845519 ) -> v#134( 0 , 1.85386 , 0.0773618 ) | loop: loop#123 | face: f#121 [sgm_blk_1_area_60]
[warning]   splitEdge: repeated splits on edge lineage #209 (3 splits in current phase), edge=he#1401 v#393( 0 , 1.8281 , 0.0893867 ) -> v#135( 0 , 1.82765 , 0.0785957 ) | loop: loop#125 | face: f#123 [sgm_blk_1_area_61]
[warning]   splitEdge: repeated splits on edge lineage #209 (4 splits in current phase), edge=he#1405 v#394( 0 , 1.82795 , 0.0857897 ) -> v#135( 0 , 1.82765 , 0.0785957 ) | loop: loop#125 | face: f#123 [sgm_blk_1_area_61]
[warning]   splitEdge: repeated splits on edge lineage #210 (3 splits in current phase), edge=he#1419 v#397( 0 , 1.80177 , 0.090326 ) -> v#136( 0 , 1.80144 , 0.0795308 ) | loop: loop#127 | face: f#125 [sgm_blk_1_area_62]
[warning]   splitEdge: repeated splits on edge lineage #210 (4 splits in current phase), edge=he#1423 v#398( 0 , 1.80166 , 0.0867276 ) -> v#136( 0 , 1.80144 , 0.0795308 ) | loop: loop#127 | face: f#125 [sgm_blk_1_area_62]
[warning]   splitEdge: repeated splits on edge lineage #211 (3 splits in current phase), edge=he#1437 v#401( 0 , 1.77542 , 0.0909754 ) -> v#137( 0 , 1.77521 , 0.0801774 ) | loop: loop#129 | face: f#127 [sgm_blk_1_area_63]
[warning]   splitEdge: repeated splits on edge lineage #211 (4 splits in current phase), edge=he#1441 v#402( 0 , 1.77535 , 0.0873761 ) -> v#137( 0 , 1.77521 , 0.0801774 ) | loop: loop#129 | face: f#127 [sgm_blk_1_area_63]
[warning]   splitEdge: repeated splits on edge lineage #212 (3 splits in current phase), edge=he#1455 v#405( 0 , 1.74908 , 0.0913831 ) -> v#138( 0 , 1.74895 , 0.0805837 ) | loop: loop#131 | face: f#129 [sgm_blk_1_area_64]
[warning]   splitEdge: repeated splits on edge lineage #212 (4 splits in current phase), edge=he#1459 v#406( 0 , 1.74904 , 0.0877833 ) -> v#138( 0 , 1.74895 , 0.0805837 ) | loop: loop#131 | face: f#129 [sgm_blk_1_area_64]
[warning]   splitEdge: repeated splits on edge lineage #213 (3 splits in current phase), edge=he#1473 v#409( 0 , 1.72273 , 0.0915783 ) -> v#139( 0 , 1.72268 , 0.0807784 ) | loop: loop#133 | face: f#131 [sgm_blk_1_area_65]
[warning]   splitEdge: repeated splits on edge lineage #213 (4 splits in current phase), edge=he#1477 v#410( 0 , 1.72271 , 0.0879783 ) -> v#139( 0 , 1.72268 , 0.0807784 ) | loop: loop#133 | face: f#131 [sgm_blk_1_area_65]
[warning]   splitEdge: repeated splits on edge lineage #214 (3 splits in current phase), edge=he#1491 v#413( 0 , 1.69637 , 0.0916008 ) -> v#140( 0 , 1.69639 , 0.0808008 ) | loop: loop#135 | face: f#133 [sgm_blk_1_area_66]
[warning]   splitEdge: repeated splits on edge lineage #214 (4 splits in current phase), edge=he#1495 v#414( 0 , 1.69637 , 0.0880008 ) -> v#140( 0 , 1.69639 , 0.0808008 ) | loop: loop#135 | face: f#133 [sgm_blk_1_area_66]
[warning]   splitEdge: repeated splits on edge lineage #215 (3 splits in current phase), edge=he#1509 v#417( 0 , 1.67001 , 0.0914833 ) -> v#141( 0 , 1.67008 , 0.0806835 ) | loop: loop#137 | face: f#135 [sgm_blk_1_area_67]
[warning]   splitEdge: repeated splits on edge lineage #215 (4 splits in current phase), edge=he#1513 v#418( 0 , 1.67003 , 0.0878833 ) -> v#141( 0 , 1.67008 , 0.0806835 ) | loop: loop#137 | face: f#135 [sgm_blk_1_area_67]
[warning]   splitEdge: repeated splits on edge lineage #216 (3 splits in current phase), edge=he#1527 v#421( 0 , 1.63485 , 0.091153 ) -> v#142( 0 , 1.63498 , 0.0803538 ) | loop: loop#139 | face: f#137 [sgm_blk_1_area_68]
[warning]   splitEdge: repeated splits on edge lineage #216 (4 splits in current phase), edge=he#1531 v#422( 0 , 1.63489 , 0.0875533 ) -> v#142( 0 , 1.63498 , 0.0803538 ) | loop: loop#139 | face: f#137 [sgm_blk_1_area_68]
[warning]   splitEdge: repeated splits on edge lineage #217 (3 splits in current phase), edge=he#1545 v#425( 0 , 1.59969 , 0.0906326 ) -> v#143( 0 , 1.59987 , 0.0798342 ) | loop: loop#141 | face: f#139 [sgm_blk_1_area_69]
[warning]   splitEdge: repeated splits on edge lineage #217 (4 splits in current phase), edge=he#1549 v#426( 0 , 1.59975 , 0.0870332 ) -> v#143( 0 , 1.59987 , 0.0798342 ) | loop: loop#141 | face: f#139 [sgm_blk_1_area_69]
[warning]   splitEdge: repeated splits on edge lineage #218 (3 splits in current phase), edge=he#1563 v#429( 0 , 1.56453 , 0.0899342 ) -> v#144( 0 , 1.56477 , 0.0791369 ) | loop: loop#143 | face: f#141 [sgm_blk_1_area_70]
[warning]   splitEdge: repeated splits on edge lineage #218 (4 splits in current phase), edge=he#1567 v#430( 0 , 1.56461 , 0.0863351 ) -> v#144( 0 , 1.56477 , 0.0791369 ) | loop: loop#143 | face: f#141 [sgm_blk_1_area_70]
[warning]   splitEdge: repeated splits on edge lineage #219 (3 splits in current phase), edge=he#1581 v#433( 0 , 1.52937 , 0.0890662 ) -> v#145( 0 , 1.52966 , 0.0782701 ) | loop: loop#145 | face: f#143 [sgm_blk_1_area_71]
[warning]   splitEdge: repeated splits on edge lineage #219 (4 splits in current phase), edge=he#1585 v#434( 0 , 1.52947 , 0.0854675 ) -> v#145( 0 , 1.52966 , 0.0782701 ) | loop: loop#145 | face: f#143 [sgm_blk_1_area_71]
[warning]   splitEdge: repeated splits on edge lineage #220 (3 splits in current phase), edge=he#1599 v#437( 0 , 1.49421 , 0.0880375 ) -> v#146( 0 , 1.49455 , 0.0772428 ) | loop: loop#147 | face: f#145 [sgm_blk_1_area_72]
[warning]   splitEdge: repeated splits on edge lineage #220 (4 splits in current phase), edge=he#1603 v#438( 0 , 1.49433 , 0.0844393 ) -> v#146( 0 , 1.49455 , 0.0772428 ) | loop: loop#147 | face: f#145 [sgm_blk_1_area_72]
[warning]   splitEdge: repeated splits on edge lineage #221 (3 splits in current phase), edge=he#1617 v#441( 0 , 1.47498 , 0.0873917 ) -> v#147( 0 , 1.48578 , 0.0769483 ) | loop: loop#149 | face: f#147 [sgm_blk_1_area_73]
[warning]   splitEdge: repeated splits on edge lineage #221 (4 splits in current phase), edge=he#1621 v#442( 0 , 1.47858 , 0.0839105 ) -> v#147( 0 , 1.48578 , 0.0769483 ) | loop: loop#149 | face: f#147 [sgm_blk_1_area_73]
OK  prevabs finished (2026-06-28 21:13:11)
==> total running time: 0.229194 sec
