[info] - prevabs start (2026-02-16 16:41:31)
[info] - reading input files
[info]     - reading main input file: .\share\examples\ex_airfoil_cspar\c  
  
    
  
  
  
  
  
  
  
  
  ========================================
  
  
  ========================================
  
tian50\work\dev\prevabs\build_msvc\Release\MaterialDB.xml
[info]         - reading materials file: .\share\examples\ex_airfoil_cspar\material_database_us_ft.xml
[info]   - reading input files -- done
[info]   - building the shape
[info]     - building the cross section, step 1
[info]       - building component: spar
[info]       - building component: fill_aft
[info]     - building the cross section, step 2
[info]       - building component details: spar
[info]     - fixing geometry
[info]   - building the shape -- done
[info]   - modeling in Gmsh
[info]     - creating gmsh vertices
[info]     - creating gmsh edges
[info]     - creating gmsh faces
[info]     - creating physical groups
[info]     - meshing
[info]   - modeling in Gmsh -- done
[info]   - writing outputs
[info]     - writing gmsh .opt file: .\share\examples\ex_airfoil_cspar\cs_main.opt
[info]     - writing gmsh .geo file: .\share\examples\ex_airfoil_cspar\cs_main.geo_unrolled
[info]     - writing gmsh .msh file: .\share\examples\ex_airfoil_cspar\cs_main.msh
[info]     - writing sg file: .\share\examples\ex_airfoil_cspar\cs_main.sg
[info]       - writing nodes
[info]       - writing elements
[info]         -   writing connectivity
[info]         -   writing local orientation
[info]     - writing material id-name file: .\share\examples\ex_airfoil_cspar\cs_main.sg.mat
[info]   - writing outputs -- done
[info]   - running Gmsh for visualization
[info]   - running: gmsh ".\share\examples\ex_airfoil_cspar\cs_main.geo_unrolled" ".\share\examples\ex_airfoil_cspar\cs_main.msh" ".\share\examples\ex_airfoil_cspar\cs_main.opt"
[info]   - prevabs finished (2026-02-16 16:41:33)
[info] total running time: 1.926 sec
