2025-04-14 10:40:13 [info] prevabs start
2025-04-14 10:40:13 [info]   - dehomogenizing...
2025-04-14 10:40:13 [info]       - reading main input file: .\uh60a.xml
2025-04-14 10:40:13 [info]         - reading materials file: C:\Users\tian50\program\MaterialDB.xml
2025-04-14 10:40:13 [info]         - reading materials file: .\material_database.xml
2025-04-14 10:40:13 [info]       - reading main input data: .\uh60a.xml
2025-04-14 10:40:13 [info]     - writing glb file: .\uh60a.sg.glb
2025-04-14 10:40:13 [info]   - running VABS for failure index
2025-04-14 10:40:13 [info]   - running VABS for failure index -- done
2025-04-14 10:40:13 [info] - post-processing recover results
2025-04-14 10:40:13 [info]   - reading VABS input data: .\uh60a.sg
2025-04-14 10:40:14 [info]   - reading failure analysis outputs...
2025-04-14 10:40:14 [info]     - reading failure analysis result: .\uh60a.sg.fi
2025-04-14 10:40:14 [info]   - writing gmsh .opt file: .\uh60a_local.opt
2025-04-14 10:40:14 [info]   - writing gmsh .geo file: .\uh60a_local.geo
2025-04-14 10:40:14 [info]   - writing gmsh .msh file: .\uh60a_local_case_1.msh
2025-04-14 10:40:14 [info]       - writing element data: Strength ratio
2025-04-14 10:40:14 [info]       - writing element data: Failure index
2025-04-14 10:40:14 [info] - post-processing recover results -- done
2025-04-14 10:40:14 [info] - running Gmsh for visualization
2025-04-14 10:40:14 [info] - running: gmsh .\uh60a_local.geo .\uh60a_local_case_1.msh .\uh60a_local.opt
2025-04-14 10:40:14 [info] prevabs finished
2025-04-14 10:40:14 [info] total running time: 0.621 sec
